<?xml version="1.0" encoding="UTF-8"?>
<!-- Generated by org.testng.reporters.JUnitReportReporter -->
<testsuite skipped="0" hostname="Abhijit-SR" name="com.api.test.apivalidation" tests="1" failures="0" timestamp="02 Oct 2020 13:28:36 GMT" time="1.379" errors="0">
  <testcase name="getBody" time="1.379" classname="com.api.test.apivalidation"/>
</testsuite> <!-- com.api.test.apivalidation -->
